<?xml version="1.0" encoding="UTF-8"?>
<robot generator="Robot 4.1.3 (Python 3.8.10 on linux)" generated="20220321 21:54:15.222" rpa="false" schemaversion="2">
<suite id="s1" name="Automacao" source="/home/pedro/webjump/automacao.robot">
<test id="s1-t1" name="Cenario 3: Preencher campos">
<kw name="Na tela do caso de teste">
<kw name="Open Browser" library="SeleniumLibrary">
<arg>url:blank</arg>
<arg>chrome</arg>
<doc>Opens a new browser instance to the optional ``url``.</doc>
<msg timestamp="20220321 21:54:15.531" level="INFO">Opening browser 'chrome' to base url 'url:blank'.</msg>
<status status="PASS" starttime="20220321 21:54:15.530" endtime="20220321 21:54:18.674"/>
</kw>
<kw name="Go To" library="SeleniumLibrary">
<arg>https://wj-qa-automation-test.github.io/qa-test/</arg>
<doc>Navigates the current browser window to the provided ``url``.</doc>
<msg timestamp="20220321 21:54:18.675" level="INFO">Opening url 'https://wj-qa-automation-test.github.io/qa-test/'</msg>
<status status="PASS" starttime="20220321 21:54:18.675" endtime="20220321 21:54:23.485"/>
</kw>
<kw name="Maximize Browser Window" library="SeleniumLibrary">
<doc>Maximizes current browser window.</doc>
<status status="PASS" starttime="20220321 21:54:23.486" endtime="20220321 21:54:23.622"/>
</kw>
<kw name="Set Selenium Timeout" library="SeleniumLibrary">
<arg>30</arg>
<doc>Sets the timeout that is used by various keywords.</doc>
<status status="PASS" starttime="20220321 21:54:23.622" endtime="20220321 21:54:23.635"/>
</kw>
<status status="PASS" starttime="20220321 21:54:15.530" endtime="20220321 21:54:23.636"/>
</kw>
<kw name="Preencher nome">
<kw name="Input Text" library="SeleniumLibrary">
<arg>id=first_name</arg>
<arg>Pedro</arg>
<doc>Types the given ``text`` into the text field identified by ``locator``.</doc>
<msg timestamp="20220321 21:54:23.638" level="INFO">Typing text 'Pedro' into text field 'id=first_name'.</msg>
<status status="PASS" starttime="20220321 21:54:23.637" endtime="20220321 21:54:24.055"/>
</kw>
<status status="PASS" starttime="20220321 21:54:23.636" endtime="20220321 21:54:24.056"/>
</kw>
<kw name="Click Element" library="SeleniumLibrary">
<arg>id=btn_one</arg>
<doc>Click the element identified by ``locator``.</doc>
<msg timestamp="20220321 21:54:24.057" level="INFO">Clicking element 'id=btn_one'.</msg>
<status status="PASS" starttime="20220321 21:54:24.057" endtime="20220321 21:54:24.197"/>
</kw>
<kw name="Select Checkbox" library="SeleniumLibrary">
<arg>//*[@id="opt_three"]</arg>
<doc>Selects the checkbox identified by ``locator``.</doc>
<msg timestamp="20220321 21:54:24.205" level="INFO">Selecting checkbox '//*[@id="opt_three"]'.</msg>
<status status="PASS" starttime="20220321 21:54:24.201" endtime="20220321 21:54:24.429"/>
</kw>
<kw name="Page Should Contain Image" library="SeleniumLibrary">
<arg>css=.img-responsive-center-block</arg>
<doc>Verifies image identified by ``locator`` is found from current page.</doc>
<msg timestamp="20220321 21:54:24.481" level="INFO">Current page contains image 'css=.img-responsive-center-block'.</msg>
<status status="PASS" starttime="20220321 21:54:24.429" endtime="20220321 21:54:24.481"/>
</kw>
<kw name="Encerra sessão" type="TEARDOWN">
<kw name="Capture Page Screenshot" library="SeleniumLibrary">
<doc>Takes a screenshot of the current page and embeds it into a log file.</doc>
<msg timestamp="20220321 21:54:24.705" level="INFO" html="true">&lt;/td&gt;&lt;/tr&gt;&lt;tr&gt;&lt;td colspan="3"&gt;&lt;a href="selenium-screenshot-21.png"&gt;&lt;img src="selenium-screenshot-21.png" width="800px"&gt;&lt;/a&gt;</msg>
<status status="PASS" starttime="20220321 21:54:24.483" endtime="20220321 21:54:24.705"/>
</kw>
<kw name="Close Browser" library="SeleniumLibrary">
<doc>Closes the current browser.</doc>
<status status="PASS" starttime="20220321 21:54:24.705" endtime="20220321 21:54:24.777"/>
</kw>
<status status="PASS" starttime="20220321 21:54:24.482" endtime="20220321 21:54:24.778"/>
</kw>
<tag>tres</tag>
<status status="PASS" starttime="20220321 21:54:15.528" endtime="20220321 21:54:24.778"/>
</test>
<doc>Aqui estarao todos os cenarios de automação web do desafio</doc>
<status status="PASS" starttime="20220321 21:54:15.224" endtime="20220321 21:54:24.780"/>
</suite>
<statistics>
<total>
<stat pass="1" fail="0" skip="0">All Tests</stat>
</total>
<tag>
<stat pass="1" fail="0" skip="0">tres</stat>
</tag>
<suite>
<stat pass="1" fail="0" skip="0" id="s1" name="Automacao">Automacao</stat>
</suite>
</statistics>
<errors>
</errors>
</robot>
